{"total": {"lines":{"total":692,"covered":443,"skipped":0,"pct":64.01},"statements":{"total":692,"covered":443,"skipped":0,"pct":64.01},"functions":{"total":19,"covered":11,"skipped":0,"pct":57.89},"branches":{"total":57,"covered":34,"skipped":0,"pct":59.64},"branchesTrue":{"total":0,"covered":0,"skipped":0,"pct":100}}
,"/Users/bunnykocharla/Repositories/FullStack projects/volunteer-board/client/src/App.tsx": {"lines":{"total":44,"covered":0,"skipped":0,"pct":0},"functions":{"total":1,"covered":0,"skipped":0,"pct":0},"statements":{"total":44,"covered":0,"skipped":0,"pct":0},"branches":{"total":1,"covered":0,"skipped":0,"pct":0}}
,"/Users/bunnykocharla/Repositories/FullStack projects/volunteer-board/client/src/main.tsx": {"lines":{"total":10,"covered":0,"skipped":0,"pct":0},"functions":{"total":1,"covered":0,"skipped":0,"pct":0},"statements":{"total":10,"covered":0,"skipped":0,"pct":0},"branches":{"total":1,"covered":0,"skipped":0,"pct":0}}
,"/Users/bunnykocharla/Repositories/FullStack projects/volunteer-board/client/src/api/opportunities.ts": {"lines":{"total":60,"covered":0,"skipped":0,"pct":0},"functions":{"total":1,"covered":0,"skipped":0,"pct":0},"statements":{"total":60,"covered":0,"skipped":0,"pct":0},"branches":{"total":1,"covered":0,"skipped":0,"pct":0}}
,"/Users/bunnykocharla/Repositories/FullStack projects/volunteer-board/client/src/api/signups.ts": {"lines":{"total":24,"covered":0,"skipped":0,"pct":0},"functions":{"total":1,"covered":0,"skipped":0,"pct":0},"statements":{"total":24,"covered":0,"skipped":0,"pct":0},"branches":{"total":1,"covered":0,"skipped":0,"pct":0}}
,"/Users/bunnykocharla/Repositories/FullStack projects/volunteer-board/client/src/lib/supabaseClient.ts": {"lines":{"total":19,"covered":0,"skipped":0,"pct":0},"functions":{"total":1,"covered":0,"skipped":0,"pct":0},"statements":{"total":19,"covered":0,"skipped":0,"pct":0},"branches":{"total":1,"covered":0,"skipped":0,"pct":0}}
,"/Users/bunnykocharla/Repositories/FullStack projects/volunteer-board/client/src/pages/AdminPage.tsx": {"lines":{"total":294,"covered":220,"skipped":0,"pct":74.82},"functions":{"total":7,"covered":5,"skipped":0,"pct":71.42},"statements":{"total":294,"covered":220,"skipped":0,"pct":74.82},"branches":{"total":34,"covered":20,"skipped":0,"pct":58.82}}
,"/Users/bunnykocharla/Repositories/FullStack projects/volunteer-board/client/src/pages/VolunteerPage.tsx": {"lines":{"total":241,"covered":223,"skipped":0,"pct":92.53},"functions":{"total":7,"covered":6,"skipped":0,"pct":85.71},"statements":{"total":241,"covered":223,"skipped":0,"pct":92.53},"branches":{"total":18,"covered":14,"skipped":0,"pct":77.77}}
}
